# JRE version: Java(TM) SE Runtime Environment (8.0_40-b25) (build 1.8.0_40-b25)
# Java VM: Java HotSpot(TM) 64-Bit Server VM (25.40-b25 mixed mode windows-amd64 compressed oops)
Heap:
 PSYoungGen      total 313856K, used 64K [0x00000000d5d00000, 0x00000000ebe00000, 0x0000000100000000)
  eden space 265728K, 0% used [0x00000000d5d00000,0x00000000d5d00000,0x00000000e6080000)
  from space 48128K, 0% used [0x00000000e6080000,0x00000000e6090000,0x00000000e8f80000)
  to   space 47616K, 0% used [0x00000000e8f80000,0x00000000e8f80000,0x00000000ebe00000)
 ParOldGen       total 87552K, used 49590K [0x0000000081600000, 0x0000000086b80000, 0x00000000d5d00000)
  object space 87552K, 56% used [0x0000000081600000,0x000000008466daa8,0x0000000086b80000)
 Metaspace       used 18503K, capacity 19142K, committed 19328K, reserved 1067008K
  class space    used 2156K, capacity 2348K, committed 2432K, reserved 1048576K
GC Heap History (10 events):
Event: 15.750 GC heap after
Heap after GC invocations=7 (full 0):
 PSYoungGen      total 292864K, used 30037K [0x00000000d5d00000, 0x00000000ebe00000, 0x0000000100000000)
  eden space 247808K, 0% used [0x00000000d5d00000,0x00000000d5d00000,0x00000000e4f00000)
  from space 45056K, 66% used [0x00000000e4f00000,0x00000000e6c554c0,0x00000000e7b00000)
  to   space 47616K, 0% used [0x00000000e8f80000,0x00000000e8f80000,0x00000000ebe00000)
 ParOldGen       total 87552K, used 58897K [0x0000000081600000, 0x0000000086b80000, 0x00000000d5d00000)
  object space 87552K, 67% used [0x0000000081600000,0x0000000084f84788,0x0000000086b80000)
 Metaspace       used 18501K, capacity 19142K, committed 19328K, reserved 1067008K
  class space    used 2156K, capacity 2348K, committed 2432K, reserved 1048576K
}
Event: 15.750 GC heap before
{Heap before GC invocations=8 (full 1):
 PSYoungGen      total 292864K, used 30037K [0x00000000d5d00000, 0x00000000ebe00000, 0x0000000100000000)
  eden space 247808K, 0% used [0x00000000d5d00000,0x00000000d5d00000,0x00000000e4f00000)
  from space 45056K, 66% used [0x00000000e4f00000,0x00000000e6c554c0,0x00000000e7b00000)
  to   space 47616K, 0% used [0x00000000e8f80000,0x00000000e8f80000,0x00000000ebe00000)
 ParOldGen       total 87552K, used 58897K [0x0000000081600000, 0x0000000086b80000, 0x00000000d5d00000)
  object space 87552K, 67% used [0x0000000081600000,0x0000000084f84788,0x0000000086b80000)
 Metaspace       used 18501K, capacity 19142K, committed 19328K, reserved 1067008K
  class space    used 2156K, capacity 2348K, committed 2432K, reserved 1048576K
Event: 16.017 GC heap after
Heap after GC invocations=8 (full 1):
 PSYoungGen      total 292864K, used 0K [0x00000000d5d00000, 0x00000000ebe00000, 0x0000000100000000)
  eden space 247808K, 0% used [0x00000000d5d00000,0x00000000d5d00000,0x00000000e4f00000)
  from space 45056K, 0% used [0x00000000e4f00000,0x00000000e4f00000,0x00000000e7b00000)
  to   space 47616K, 0% used [0x00000000e8f80000,0x00000000e8f80000,0x00000000ebe00000)
 ParOldGen       total 87552K, used 52588K [0x0000000081600000, 0x0000000086b80000, 0x00000000d5d00000)
  object space 87552K, 60% used [0x0000000081600000,0x000000008495b2d8,0x0000000086b80000)
 Metaspace       used 18501K, capacity 19142K, committed 19328K, reserved 1067008K
  class space    used 2156K, capacity 2348K, committed 2432K, reserved 1048576K
}
Event: 16.021 GC heap before
{Heap before GC invocations=9 (full 1):
 PSYoungGen      total 292864K, used 0K [0x00000000d5d00000, 0x00000000ebe00000, 0x0000000100000000)
  eden space 247808K, 0% used [0x00000000d5d00000,0x00000000d5d00000,0x00000000e4f00000)
  from space 45056K, 0% used [0x00000000e4f00000,0x00000000e4f00000,0x00000000e7b00000)
  to   space 47616K, 0% used [0x00000000e8f80000,0x00000000e8f80000,0x00000000ebe00000)
 ParOldGen       total 87552K, used 52588K [0x0000000081600000, 0x0000000086b80000, 0x00000000d5d00000)
  object space 87552K, 60% used [0x0000000081600000,0x000000008495b2d8,0x0000000086b80000)
 Metaspace       used 18501K, capacity 19142K, committed 19328K, reserved 1067008K
  class space    used 2156K, capacity 2348K, committed 2432K, reserved 1048576K
Event: 16.024 GC heap after
Heap after GC invocations=9 (full 1):
 PSYoungGen      total 313344K, used 0K [0x00000000d5d00000, 0x00000000ebf00000, 0x0000000100000000)
  eden space 265728K, 0% used [0x00000000d5d00000,0x00000000d5d00000,0x00000000e6080000)
  from space 47616K, 0% used [0x00000000e8f80000,0x00000000e8f80000,0x00000000ebe00000)
  to   space 48128K, 0% used [0x00000000e6080000,0x00000000e6080000,0x00000000e8f80000)
 ParOldGen       total 87552K, used 52588K [0x0000000081600000, 0x0000000086b80000, 0x00000000d5d00000)
  object space 87552K, 60% used [0x0000000081600000,0x000000008495b2d8,0x0000000086b80000)
 Metaspace       used 18501K, capacity 19142K, committed 19328K, reserved 1067008K
  class space    used 2156K, capacity 2348K, committed 2432K, reserved 1048576K
}
Event: 16.024 GC heap before
{Heap before GC invocations=10 (full 2):
 PSYoungGen      total 313344K, used 0K [0x00000000d5d00000, 0x00000000ebf00000, 0x0000000100000000)
  eden space 265728K, 0% used [0x00000000d5d00000,0x00000000d5d00000,0x00000000e6080000)
  from space 47616K, 0% used [0x00000000e8f80000,0x00000000e8f80000,0x00000000ebe00000)
  to   space 48128K, 0% used [0x00000000e6080000,0x00000000e6080000,0x00000000e8f80000)
 ParOldGen       total 87552K, used 52588K [0x0000000081600000, 0x0000000086b80000, 0x00000000d5d00000)
  object space 87552K, 60% used [0x0000000081600000,0x000000008495b2d8,0x0000000086b80000)
 Metaspace       used 18501K, capacity 19142K, committed 19328K, reserved 1067008K
  class space    used 2156K, capacity 2348K, committed 2432K, reserved 1048576K
Event: 16.135 GC heap after
Heap after GC invocations=10 (full 2):
 PSYoungGen      total 313344K, used 0K [0x00000000d5d00000, 0x00000000ebf00000, 0x0000000100000000)
  eden space 265728K, 0% used [0x00000000d5d00000,0x00000000d5d00000,0x00000000e6080000)
  from space 47616K, 0% used [0x00000000e8f80000,0x00000000e8f80000,0x00000000ebe00000)
  to   space 48128K, 0% used [0x00000000e6080000,0x00000000e6080000,0x00000000e8f80000)
 ParOldGen       total 87552K, used 49590K [0x0000000081600000, 0x0000000086b80000, 0x00000000d5d00000)
  object space 87552K, 56% used [0x0000000081600000,0x000000008466daa8,0x0000000086b80000)
 Metaspace       used 18501K, capacity 19142K, committed 19328K, reserved 1067008K
  class space    used 2156K, capacity 2348K, committed 2432K, reserved 1048576K
}
Event: 16.181 GC heap before
{Heap before GC invocations=11 (full 2):
 PSYoungGen      total 313344K, used 10588K [0x00000000d5d00000, 0x00000000ebf00000, 0x0000000100000000)
  eden space 265728K, 3% used [0x00000000d5d00000,0x00000000d67570a0,0x00000000e6080000)
  from space 47616K, 0% used [0x00000000e8f80000,0x00000000e8f80000,0x00000000ebe00000)
  to   space 48128K, 0% used [0x00000000e6080000,0x00000000e6080000,0x00000000e8f80000)
 ParOldGen       total 87552K, used 49590K [0x0000000081600000, 0x0000000086b80000, 0x00000000d5d00000)
  object space 87552K, 56% used [0x0000000081600000,0x000000008466daa8,0x0000000086b80000)
 Metaspace       used 18503K, capacity 19142K, committed 19328K, reserved 1067008K
  class space    used 2156K, capacity 2348K, committed 2432K, reserved 1048576K
Event: 16.182 GC heap after
Heap after GC invocations=11 (full 2):
 PSYoungGen      total 313856K, used 64K [0x00000000d5d00000, 0x00000000ebe00000, 0x0000000100000000)
  eden space 265728K, 0% used [0x00000000d5d00000,0x00000000d5d00000,0x00000000e6080000)
  from space 48128K, 0% used [0x00000000e6080000,0x00000000e6090000,0x00000000e8f80000)
  to   space 47616K, 0% used [0x00000000e8f80000,0x00000000e8f80000,0x00000000ebe00000)
 ParOldGen       total 87552K, used 49590K [0x0000000081600000, 0x0000000086b80000, 0x00000000d5d00000)
  object space 87552K, 56% used [0x0000000081600000,0x000000008466daa8,0x0000000086b80000)
 Metaspace       used 18503K, capacity 19142K, committed 19328K, reserved 1067008K
  class space    used 2156K, capacity 2348K, committed 2432K, reserved 1048576K
}
Event: 16.182 GC heap before
{Heap before GC invocations=12 (full 3):
 PSYoungGen      total 313856K, used 64K [0x00000000d5d00000, 0x00000000ebe00000, 0x0000000100000000)
  eden space 265728K, 0% used [0x00000000d5d00000,0x00000000d5d00000,0x00000000e6080000)
  from space 48128K, 0% used [0x00000000e6080000,0x00000000e6090000,0x00000000e8f80000)
  to   space 47616K, 0% used [0x00000000e8f80000,0x00000000e8f80000,0x00000000ebe00000)
 ParOldGen       total 87552K, used 49590K [0x0000000081600000, 0x0000000086b80000, 0x00000000d5d00000)
  object space 87552K, 56% used [0x0000000081600000,0x000000008466daa8,0x0000000086b80000)
 Metaspace       used 18503K, capacity 19142K, committed 19328K, reserved 1067008K
  class space    used 2156K, capacity 2348K, committed 2432K, reserved 1048576K

